2020-05-09 15:07:04,967 CRIT Supervisor is running as root.  Privileges were not dropped because no user is specified in the config file.  If you intend to run as root, you can set user=root in the config file to avoid this message.
2020-05-09 15:07:04,968 INFO Included extra file "/workspaces/Training/Python/PythonCache/gen-config/supervisor-devpi.conf" during parsing
2020-05-09 15:07:04,996 INFO RPC interface 'supervisor' initialized
2020-05-09 15:07:04,997 CRIT Server 'unix_http_server' running without any HTTP authentication checking
2020-05-09 15:07:04,999 INFO supervisord started with pid 288
2020-05-09 15:07:06,002 INFO spawned: 'devpi-server' with pid 293
2020-05-09 15:07:06,750 INFO exited: devpi-server (exit status 1; not expected)
2020-05-09 15:07:07,753 INFO spawned: 'devpi-server' with pid 350
2020-05-09 15:07:08,497 INFO exited: devpi-server (exit status 1; not expected)
2020-05-09 15:07:10,501 INFO spawned: 'devpi-server' with pid 417
2020-05-09 15:07:11,223 INFO exited: devpi-server (exit status 1; not expected)
2020-05-09 15:07:14,228 INFO spawned: 'devpi-server' with pid 485
2020-05-09 15:07:15,958 INFO exited: devpi-server (exit status 1; not expected)
2020-05-09 15:07:16,960 INFO gave up: devpi-server entered FATAL state, too many start retries too quickly
2020-05-09 15:12:08,292 WARN received SIGINT indicating exit request
2020-05-09 15:18:35,705 CRIT Supervisor is running as root.  Privileges were not dropped because no user is specified in the config file.  If you intend to run as root, you can set user=root in the config file to avoid this message.
2020-05-09 15:18:35,705 INFO Included extra file "/workspaces/Training/Python/PythonCache/gen-config/supervisor-devpi.conf" during parsing
2020-05-09 15:18:35,725 INFO RPC interface 'supervisor' initialized
2020-05-09 15:18:35,726 CRIT Server 'unix_http_server' running without any HTTP authentication checking
2020-05-09 15:18:35,727 INFO daemonizing the supervisord process
2020-05-09 15:18:35,730 INFO supervisord started with pid 1272
2020-05-09 15:18:36,737 INFO spawned: 'devpi-server' with pid 1274
2020-05-09 15:18:37,490 INFO exited: devpi-server (exit status 1; not expected)
2020-05-09 15:18:38,492 INFO spawned: 'devpi-server' with pid 1339
2020-05-09 15:18:39,218 INFO exited: devpi-server (exit status 1; not expected)
2020-05-09 15:18:41,222 INFO spawned: 'devpi-server' with pid 1398
2020-05-09 15:18:41,929 INFO exited: devpi-server (exit status 1; not expected)
2020-05-09 15:18:44,933 INFO spawned: 'devpi-server' with pid 1466
2020-05-09 15:18:45,664 INFO exited: devpi-server (exit status 1; not expected)
2020-05-09 15:18:46,666 INFO gave up: devpi-server entered FATAL state, too many start retries too quickly
2020-05-09 15:23:49,429 CRIT Supervisor is running as root.  Privileges were not dropped because no user is specified in the config file.  If you intend to run as root, you can set user=root in the config file to avoid this message.
2020-05-09 15:23:49,430 INFO Included extra file "/workspaces/Training/Python/PythonCache/gen-config/supervisor-devpi.conf" during parsing
2020-05-09 15:23:49,453 INFO RPC interface 'supervisor' initialized
2020-05-09 15:23:49,454 CRIT Server 'unix_http_server' running without any HTTP authentication checking
2020-05-09 15:23:49,458 INFO supervisord started with pid 279
2020-05-09 15:23:50,462 INFO spawned: 'devpi-server' with pid 284
2020-05-09 15:23:51,262 INFO exited: devpi-server (exit status 1; not expected)
2020-05-09 15:23:52,264 INFO spawned: 'devpi-server' with pid 350
2020-05-09 15:23:52,997 INFO exited: devpi-server (exit status 1; not expected)
2020-05-09 15:23:55,001 INFO spawned: 'devpi-server' with pid 408
2020-05-09 15:23:55,724 INFO exited: devpi-server (exit status 1; not expected)
2020-05-09 15:23:58,729 INFO spawned: 'devpi-server' with pid 476
2020-05-09 15:23:59,442 INFO exited: devpi-server (exit status 1; not expected)
2020-05-09 15:24:00,444 INFO gave up: devpi-server entered FATAL state, too many start retries too quickly
2020-05-09 15:26:30,926 WARN received SIGINT indicating exit request
2020-05-09 17:49:48,197 CRIT Supervisor is running as root.  Privileges were not dropped because no user is specified in the config file.  If you intend to run as root, you can set user=root in the config file to avoid this message.
2020-05-09 17:49:48,198 INFO Included extra file "/workspaces/Training/Python/PythonCache/gen-config/supervisor-devpi.conf" during parsing
2020-05-09 17:49:48,206 INFO RPC interface 'supervisor' initialized
2020-05-09 17:49:48,207 CRIT Server 'unix_http_server' running without any HTTP authentication checking
2020-05-09 17:49:48,213 INFO supervisord started with pid 264
2020-05-09 17:49:49,215 INFO spawnerr: can't find command '/usr/local/share/pip-global/bin/devpi-server'
2020-05-09 17:49:50,217 INFO spawnerr: can't find command '/usr/local/share/pip-global/bin/devpi-server'
2020-05-09 17:49:52,220 INFO spawnerr: can't find command '/usr/local/share/pip-global/bin/devpi-server'
2020-05-09 17:49:55,224 INFO spawnerr: can't find command '/usr/local/share/pip-global/bin/devpi-server'
2020-05-09 17:49:55,225 INFO gave up: devpi-server entered FATAL state, too many start retries too quickly
2020-05-09 17:50:03,649 WARN received SIGINT indicating exit request
2020-05-09 17:51:39,096 CRIT Supervisor is running as root.  Privileges were not dropped because no user is specified in the config file.  If you intend to run as root, you can set user=root in the config file to avoid this message.
2020-05-09 17:51:39,097 INFO Included extra file "/workspaces/Training/Python/PythonCache/gen-config/supervisor-devpi.conf" during parsing
2020-05-09 17:51:39,119 INFO RPC interface 'supervisor' initialized
2020-05-09 17:51:39,121 CRIT Server 'unix_http_server' running without any HTTP authentication checking
2020-05-09 17:51:39,123 INFO supervisord started with pid 290
2020-05-09 17:51:40,125 INFO spawned: 'devpi-server' with pid 295
2020-05-09 17:51:40,889 INFO exited: devpi-server (exit status 1; not expected)
2020-05-09 17:51:41,890 INFO spawned: 'devpi-server' with pid 353
2020-05-09 17:51:42,624 INFO exited: devpi-server (exit status 1; not expected)
2020-05-09 17:51:44,628 INFO spawned: 'devpi-server' with pid 420
2020-05-09 17:51:45,329 INFO exited: devpi-server (exit status 1; not expected)
2020-05-09 17:51:47,103 WARN received SIGINT indicating exit request
2020-05-09 18:04:06,305 CRIT Supervisor is running as root.  Privileges were not dropped because no user is specified in the config file.  If you intend to run as root, you can set user=root in the config file to avoid this message.
2020-05-09 18:04:06,305 INFO Included extra file "/workspaces/Training/Python/PythonCache/gen-config/supervisor-devpi.conf" during parsing
2020-05-09 18:04:06,327 INFO RPC interface 'supervisor' initialized
2020-05-09 18:04:06,327 CRIT Server 'unix_http_server' running without any HTTP authentication checking
2020-05-09 18:04:06,330 INFO supervisord started with pid 1413
2020-05-09 18:04:07,336 INFO spawned: 'devpi-server' with pid 1417
2020-05-09 18:04:13,001 INFO success: devpi-server entered RUNNING state, process has stayed up for > than 5 seconds (startsecs)
2020-05-09 18:30:49,322 WARN received SIGINT indicating exit request
2020-05-09 18:30:49,324 INFO waiting for devpi-server to die
2020-05-09 18:30:49,383 INFO stopped: devpi-server (terminated by SIGTERM)
2020-05-09 18:32:06,710 CRIT Supervisor is running as root.  Privileges were not dropped because no user is specified in the config file.  If you intend to run as root, you can set user=root in the config file to avoid this message.
2020-05-09 18:32:06,711 INFO Included extra file "/workspaces/Training/Python/PythonCache/gen-config/supervisor-devpi.conf" during parsing
2020-05-09 18:32:06,734 INFO RPC interface 'supervisor' initialized
2020-05-09 18:32:06,735 CRIT Server 'unix_http_server' running without any HTTP authentication checking
2020-05-09 18:32:06,753 INFO supervisord started with pid 88
2020-05-09 18:32:07,761 INFO spawned: 'devpi-server' with pid 92
2020-05-09 18:32:13,741 INFO success: devpi-server entered RUNNING state, process has stayed up for > than 5 seconds (startsecs)
2020-05-09 18:37:15,258 CRIT Supervisor is running as root.  Privileges were not dropped because no user is specified in the config file.  If you intend to run as root, you can set user=root in the config file to avoid this message.
2020-05-09 18:37:15,260 INFO Included extra file "/workspaces/Training/Python/PythonCache/gen-config/supervisor-devpi.conf" during parsing
2020-05-09 18:37:15,285 INFO RPC interface 'supervisor' initialized
2020-05-09 18:37:15,286 CRIT Server 'unix_http_server' running without any HTTP authentication checking
2020-05-09 18:37:15,289 INFO supervisord started with pid 279
2020-05-09 18:37:16,292 INFO spawned: 'devpi-server' with pid 283
2020-05-09 18:37:21,992 INFO success: devpi-server entered RUNNING state, process has stayed up for > than 5 seconds (startsecs)
2020-05-09 18:42:48,758 WARN received SIGINT indicating exit request
2020-05-09 18:42:48,769 INFO waiting for devpi-server to die
2020-05-09 18:42:48,814 INFO stopped: devpi-server (terminated by SIGTERM)
2020-05-09 18:44:18,436 CRIT Supervisor is running as root.  Privileges were not dropped because no user is specified in the config file.  If you intend to run as root, you can set user=root in the config file to avoid this message.
2020-05-09 18:44:18,436 INFO Included extra file "/workspaces/Training/Python/PythonCache/gen-config/supervisor-devpi.conf" during parsing
2020-05-09 18:44:18,457 INFO RPC interface 'supervisor' initialized
2020-05-09 18:44:18,458 CRIT Server 'unix_http_server' running without any HTTP authentication checking
2020-05-09 18:44:18,462 INFO supervisord started with pid 291
2020-05-09 18:44:19,464 INFO spawned: 'devpi-server' with pid 295
2020-05-09 18:44:25,167 INFO success: devpi-server entered RUNNING state, process has stayed up for > than 5 seconds (startsecs)
2020-05-09 18:47:29,559 WARN received SIGINT indicating exit request
2020-05-09 18:47:29,560 INFO waiting for devpi-server to die
2020-05-09 18:47:29,601 INFO stopped: devpi-server (terminated by SIGTERM)
2020-05-09 18:49:04,049 CRIT Supervisor is running as root.  Privileges were not dropped because no user is specified in the config file.  If you intend to run as root, you can set user=root in the config file to avoid this message.
2020-05-09 18:49:04,050 INFO Included extra file "/workspaces/Training/Python/PythonCache/gen-config/supervisor-devpi.conf" during parsing
2020-05-09 18:49:04,070 INFO RPC interface 'supervisor' initialized
2020-05-09 18:49:04,070 CRIT Server 'unix_http_server' running without any HTTP authentication checking
2020-05-09 18:49:04,072 INFO daemonizing the supervisord process
2020-05-09 18:49:04,075 INFO supervisord started with pid 254
2020-05-09 18:49:05,078 INFO spawned: 'devpi-server' with pid 256
2020-05-09 18:49:10,742 INFO success: devpi-server entered RUNNING state, process has stayed up for > than 5 seconds (startsecs)
